This file contains any messages produced by compilers while
running configure, to aid debugging if configure makes a mistake.

It was created by sumo configure 0.30.0, which was
generated by GNU Autoconf 2.69.  Invocation command line was

  $ ./configure CXX=clang++ CXXFLAGS=-stdlib=libc++ -std=gnu++11 --with-xerces=/usr/local --with-proj-gdal=/usr/local

## --------- ##
## Platform. ##
## --------- ##

hostname = InokinoMacBook-Pro.local
uname -m = x86_64
uname -r = 16.6.0
uname -s = Darwin
uname -v = Darwin Kernel Version 16.6.0: Fri Apr 14 16:21:16 PDT 2017; root:xnu-3789.60.24~6/RELEASE_X86_64

/usr/bin/uname -p = i386
/bin/uname -X     = unknown

/bin/arch              = unknown
/usr/bin/arch -k       = unknown
/usr/convex/getsysinfo = unknown
/usr/bin/hostinfo      = Mach kernel version:
	 Darwin Kernel Version 16.6.0: Fri Apr 14 16:21:16 PDT 2017; root:xnu-3789.60.24~6/RELEASE_X86_64
Kernel configured for up to 4 processors.
2 processors are physically available.
4 processors are logically available.
Processor type: x86_64h (Intel x86-64h Haswell)
Processors active: 0 1 2 3
Primary memory available: 8.00 gigabytes
Default processor set: 299 tasks, 1466 threads, 4 processors
Load average: 1.88, Mach factor: 2.11
/bin/machine           = unknown
/usr/bin/oslevel       = unknown
/bin/universe          = unknown

PATH: /Users/inokihiromasa/gcc-arm-none-eabi-5_4-2016q3/bin
PATH: /usr/local/bin
PATH: /usr/bin
PATH: /bin
PATH: /usr/sbin
PATH: /sbin


## ----------- ##
## Core tests. ##
## ----------- ##

configure:2623: checking build system type
configure:2637: result: x86_64-apple-darwin16.6.0
configure:2657: checking host system type
configure:2670: result: x86_64-apple-darwin16.6.0
configure:2690: checking target system type
configure:2703: result: x86_64-apple-darwin16.6.0
configure:2750: checking for a BSD-compatible install
configure:2818: result: /usr/bin/install -c
configure:2829: checking whether build environment is sane
configure:2884: result: yes
configure:3035: checking for a thread-safe mkdir -p
configure:3074: result: ./install-sh -c -d
configure:3081: checking for gawk
configure:3111: result: no
configure:3081: checking for mawk
configure:3111: result: no
configure:3081: checking for nawk
configure:3111: result: no
configure:3081: checking for awk
configure:3097: found /usr/bin/awk
configure:3108: result: awk
configure:3119: checking whether make sets $(MAKE)
configure:3141: result: yes
configure:3170: checking whether make supports nested variables
configure:3187: result: yes
configure:3276: checking whether UID '501' is supported by ustar format
configure:3279: result: yes
configure:3286: checking whether GID '20' is supported by ustar format
configure:3289: result: yes
configure:3297: checking how to create a ustar tar archive
configure:3308: tar --version
bsdtar 2.8.3 - libarchive 2.8.3
configure:3311: $? = 0
configure:3351: tardir=conftest.dir && eval tar --format=ustar -chf - "$tardir" >conftest.tar
configure:3354: $? = 0
configure:3358: tar -xf - <conftest.tar
configure:3361: $? = 0
configure:3363: cat conftest.dir/file
GrepMe
configure:3366: $? = 0
configure:3379: result: gnutar
configure:3498: checking for gcc
configure:3514: found /usr/bin/gcc
configure:3525: result: gcc
configure:3754: checking for C compiler version
configure:3763: gcc --version >&5
Apple LLVM version 8.1.0 (clang-802.0.42)
Target: x86_64-apple-darwin16.6.0
Thread model: posix
InstalledDir: /Applications/Xcode.app/Contents/Developer/Toolchains/XcodeDefault.xctoolchain/usr/bin
Configured with: --prefix=/Applications/Xcode.app/Contents/Developer/usr --with-gxx-include-dir=/Applications/Xcode.app/Contents/Developer/Platforms/MacOSX.platform/Developer/SDKs/MacOSX10.12.sdk/usr/include/c++/4.2.1
configure:3774: $? = 0
configure:3763: gcc -v >&5
Configured with: --prefix=/Applications/Xcode.app/Contents/Developer/usr --with-gxx-include-dir=/Applications/Xcode.app/Contents/Developer/Platforms/MacOSX.platform/Developer/SDKs/MacOSX10.12.sdk/usr/include/c++/4.2.1
Apple LLVM version 8.1.0 (clang-802.0.42)
Target: x86_64-apple-darwin16.6.0
Thread model: posix
InstalledDir: /Applications/Xcode.app/Contents/Developer/Toolchains/XcodeDefault.xctoolchain/usr/bin
configure:3774: $? = 0
configure:3763: gcc -V >&5
clang: error: argument to '-V' is missing (expected 1 value)
clang: error: no input files
configure:3774: $? = 1
configure:3763: gcc -qversion >&5
clang: error: unknown argument: '-qversion'
clang: error: no input files
configure:3774: $? = 1
configure:3794: checking whether the C compiler works
configure:3816: gcc   -I/opt/X11/include/ -L/opt/X11/lib conftest.c  >&5
configure:3820: $? = 0
configure:3868: result: yes
configure:3871: checking for C compiler default output file name
configure:3873: result: a.out
configure:3879: checking for suffix of executables
configure:3886: gcc -o conftest   -I/opt/X11/include/ -L/opt/X11/lib conftest.c  >&5
configure:3890: $? = 0
configure:3912: result: 
configure:3934: checking whether we are cross compiling
configure:3942: gcc -o conftest   -I/opt/X11/include/ -L/opt/X11/lib conftest.c  >&5
configure:3946: $? = 0
configure:3953: ./conftest
configure:3957: $? = 0
configure:3972: result: no
configure:3977: checking for suffix of object files
configure:3999: gcc -c   -I/opt/X11/include/ conftest.c >&5
configure:4003: $? = 0
configure:4024: result: o
configure:4028: checking whether we are using the GNU C compiler
configure:4047: gcc -c   -I/opt/X11/include/ conftest.c >&5
configure:4047: $? = 0
configure:4056: result: yes
configure:4065: checking whether gcc accepts -g
configure:4085: gcc -c -g  -I/opt/X11/include/ conftest.c >&5
configure:4085: $? = 0
configure:4126: result: yes
configure:4143: checking for gcc option to accept ISO C89
configure:4206: gcc  -c -g -O2  -I/opt/X11/include/ conftest.c >&5
configure:4206: $? = 0
configure:4219: result: none needed
configure:4250: checking for style of include used by make
configure:4278: result: GNU
configure:4304: checking dependency style of gcc
configure:4415: result: gcc3
configure:4435: checking how to run the C preprocessor
configure:4466: gcc -E  -I/opt/X11/include/ conftest.c
configure:4466: $? = 0
configure:4480: gcc -E  -I/opt/X11/include/ conftest.c
conftest.c:11:10: fatal error: 'ac_nonexistent.h' file not found
#include <ac_nonexistent.h>
         ^
1 error generated.
configure:4480: $? = 1
configure: failed program was:
| /* confdefs.h */
| #define PACKAGE_NAME "sumo"
| #define PACKAGE_TARNAME "sumo"
| #define PACKAGE_VERSION "0.30.0"
| #define PACKAGE_STRING "sumo 0.30.0"
| #define PACKAGE_BUGREPORT ""
| #define PACKAGE_URL ""
| #define PACKAGE "sumo"
| #define VERSION "0.30.0"
| /* end confdefs.h.  */
| #include <ac_nonexistent.h>
configure:4505: result: gcc -E
configure:4525: gcc -E  -I/opt/X11/include/ conftest.c
configure:4525: $? = 0
configure:4539: gcc -E  -I/opt/X11/include/ conftest.c
conftest.c:11:10: fatal error: 'ac_nonexistent.h' file not found
#include <ac_nonexistent.h>
         ^
1 error generated.
configure:4539: $? = 1
configure: failed program was:
| /* confdefs.h */
| #define PACKAGE_NAME "sumo"
| #define PACKAGE_TARNAME "sumo"
| #define PACKAGE_VERSION "0.30.0"
| #define PACKAGE_STRING "sumo 0.30.0"
| #define PACKAGE_BUGREPORT ""
| #define PACKAGE_URL ""
| #define PACKAGE "sumo"
| #define VERSION "0.30.0"
| /* end confdefs.h.  */
| #include <ac_nonexistent.h>
configure:4679: checking for C++ compiler version
configure:4688: clang++ --version >&5
Apple LLVM version 8.1.0 (clang-802.0.42)
Target: x86_64-apple-darwin16.6.0
Thread model: posix
InstalledDir: /Applications/Xcode.app/Contents/Developer/Toolchains/XcodeDefault.xctoolchain/usr/bin
configure:4699: $? = 0
configure:4688: clang++ -v >&5
Apple LLVM version 8.1.0 (clang-802.0.42)
Target: x86_64-apple-darwin16.6.0
Thread model: posix
InstalledDir: /Applications/Xcode.app/Contents/Developer/Toolchains/XcodeDefault.xctoolchain/usr/bin
configure:4699: $? = 0
configure:4688: clang++ -V >&5
clang: error: argument to '-V' is missing (expected 1 value)
clang: error: no input files
configure:4699: $? = 1
configure:4688: clang++ -qversion >&5
clang: error: unknown argument: '-qversion'
clang: error: no input files
configure:4699: $? = 1
configure:4703: checking whether we are using the GNU C++ compiler
configure:4722: clang++ -c -O2 -DNDEBUG -stdlib=libc++ -std=gnu++11  -I/opt/X11/include/ conftest.cpp >&5
configure:4722: $? = 0
configure:4731: result: yes
configure:4740: checking whether clang++ accepts -g
configure:4760: clang++ -c -g  -I/opt/X11/include/ conftest.cpp >&5
configure:4760: $? = 0
configure:4801: result: yes
configure:4826: checking dependency style of clang++
configure:4937: result: gcc3
configure:4953: checking whether ln -s works
configure:4957: result: yes
configure:4964: checking whether make sets $(MAKE)
configure:4986: result: yes
configure:5039: checking for ranlib
configure:5055: found /usr/bin/ranlib
configure:5066: result: ranlib
configure:5134: checking how to print strings
configure:5161: result: printf
configure:5182: checking for a sed that does not truncate output
configure:5246: result: /usr/bin/sed
configure:5264: checking for grep that handles long lines and -e
configure:5322: result: /usr/bin/grep
configure:5327: checking for egrep
configure:5389: result: /usr/bin/grep -E
configure:5394: checking for fgrep
configure:5456: result: /usr/bin/grep -F
configure:5491: checking for ld used by gcc
configure:5558: result: /Applications/Xcode.app/Contents/Developer/Toolchains/XcodeDefault.xctoolchain/usr/bin/ld
configure:5565: checking if the linker (/Applications/Xcode.app/Contents/Developer/Toolchains/XcodeDefault.xctoolchain/usr/bin/ld) is GNU ld
configure:5580: result: no
configure:5592: checking for BSD- or MS-compatible name lister (nm)
configure:5641: result: /usr/bin/nm -B
configure:5771: checking the name lister (/usr/bin/nm -B) interface
configure:5778: clang++ -c -O2 -DNDEBUG -stdlib=libc++ -std=gnu++11  -I/opt/X11/include/ conftest.cpp >&5
configure:5781: /usr/bin/nm -B "conftest.o"
configure:5784: output
0000000000000000 S _some_variable
configure:5791: result: BSD nm
configure:5795: checking the maximum length of command line arguments
configure:5925: result: 196608
configure:5942: checking whether the shell understands some XSI constructs
configure:5952: result: yes
configure:5956: checking whether the shell understands "+="
configure:5962: result: yes
configure:5997: checking how to convert x86_64-apple-darwin16.6.0 file names to x86_64-apple-darwin16.6.0 format
configure:6037: result: func_convert_file_noop
configure:6044: checking how to convert x86_64-apple-darwin16.6.0 file names to toolchain format
configure:6064: result: func_convert_file_noop
configure:6071: checking for /Applications/Xcode.app/Contents/Developer/Toolchains/XcodeDefault.xctoolchain/usr/bin/ld option to reload object files
configure:6078: result: -r
configure:6152: checking for objdump
configure:6168: found /usr/bin/objdump
configure:6179: result: objdump
configure:6211: checking how to recognize dependent libraries
configure:6413: result: pass_all
configure:6498: checking for dlltool
configure:6528: result: no
configure:6558: checking how to associate runtime and link libraries
configure:6585: result: printf %s\n
configure:6646: checking for ar
configure:6662: found /usr/bin/ar
configure:6673: result: ar
configure:6710: checking for archiver @FILE support
configure:6727: clang++ -c -O2 -DNDEBUG -stdlib=libc++ -std=gnu++11  -I/opt/X11/include/ conftest.cpp >&5
configure:6727: $? = 0
configure:6730: ar cru libconftest.a @conftest.lst >&5
ar: @conftest.lst: No such file or directory
configure:6733: $? = 1
configure:6753: result: no
configure:6811: checking for strip
configure:6827: found /usr/bin/strip
configure:6838: result: strip
configure:6910: checking for ranlib
configure:6937: result: ranlib
configure:7039: checking command to parse /usr/bin/nm -B output from gcc object
configure:7159: clang++ -c -O2 -DNDEBUG -stdlib=libc++ -std=gnu++11  -I/opt/X11/include/ conftest.cpp >&5
configure:7162: $? = 0
configure:7166: /usr/bin/nm -B conftest.o \| sed -n -e 's/^.*[ ]\([BCDEGRST][BCDEGRST]*\)[ ][ ]*\([_A-Za-z][_A-Za-z0-9]*\)$/\1 \2 \2/p' | sed '/ __gnu_lto/d' \> conftest.nm
configure:7169: $? = 0
cannot find nm_test_var in conftest.nm
configure:7159: clang++ -c -O2 -DNDEBUG -stdlib=libc++ -std=gnu++11  -I/opt/X11/include/ conftest.cpp >&5
configure:7162: $? = 0
configure:7166: /usr/bin/nm -B conftest.o \| sed -n -e 's/^.*[ ]\([BCDEGRST][BCDEGRST]*\)[ ][ ]*_\([_A-Za-z][_A-Za-z0-9]*\)$/\1 _\2 \2/p' | sed '/ __gnu_lto/d' \> conftest.nm
configure:7169: $? = 0
configure:7235: clang++ -o conftest -O2 -DNDEBUG -stdlib=libc++ -std=gnu++11  -I/opt/X11/include/ -L/opt/X11/lib conftest.cpp conftstm.o >&5
configure:7238: $? = 0
configure:7276: result: ok
configure:7313: checking for sysroot
configure:7343: result: no
configure:7606: checking for mt
configure:7636: result: no
configure:7656: checking if : is a manifest tool
configure:7662: : '-?'
configure:7670: result: no
configure:7726: checking for dsymutil
configure:7742: found /usr/bin/dsymutil
configure:7753: result: dsymutil
configure:7818: checking for nmedit
configure:7834: found /usr/bin/nmedit
configure:7845: result: nmedit
configure:7910: checking for lipo
configure:7926: found /usr/bin/lipo
configure:7937: result: lipo
configure:8002: checking for otool
configure:8018: found /usr/bin/otool
configure:8029: result: otool
configure:8094: checking for otool64
configure:8124: result: no
configure:8169: checking for -single_module linker flag
gcc -g -O2 -L/opt/X11/lib -o libconftest.dylib -dynamiclib -Wl,-single_module conftest.c
configure:8202: result: yes
configure:8205: checking for -exported_symbols_list linker flag
configure:8225: clang++ -o conftest -O2 -DNDEBUG -stdlib=libc++ -std=gnu++11  -I/opt/X11/include/ -L/opt/X11/lib -Wl,-exported_symbols_list,conftest.sym conftest.cpp  >&5
configure:8225: $? = 0
configure:8235: result: yes
configure:8238: checking for -force_load linker flag
gcc -g -O2 -c -o conftest.o conftest.c
ar cru libconftest.a conftest.o
ranlib libconftest.a
gcc -g -O2 -L/opt/X11/lib -o conftest conftest.c -Wl,-force_load,./libconftest.a
configure:8270: result: yes
configure:8308: checking for ANSI C header files
configure:8328: clang++ -c -O2 -DNDEBUG -stdlib=libc++ -std=gnu++11  -I/opt/X11/include/ conftest.cpp >&5
configure:8328: $? = 0
./configure: line 8342: -I/opt/X11/include/: No such file or directory
configure:8412: result: no
configure:8425: checking for sys/types.h
configure:8425: clang++ -c -O2 -DNDEBUG -stdlib=libc++ -std=gnu++11  -I/opt/X11/include/ conftest.cpp >&5
configure:8425: $? = 0
configure:8425: result: yes
configure:8425: checking for sys/stat.h
configure:8425: clang++ -c -O2 -DNDEBUG -stdlib=libc++ -std=gnu++11  -I/opt/X11/include/ conftest.cpp >&5
configure:8425: $? = 0
configure:8425: result: yes
configure:8425: checking for stdlib.h
configure:8425: clang++ -c -O2 -DNDEBUG -stdlib=libc++ -std=gnu++11  -I/opt/X11/include/ conftest.cpp >&5
configure:8425: $? = 0
configure:8425: result: yes
configure:8425: checking for string.h
configure:8425: clang++ -c -O2 -DNDEBUG -stdlib=libc++ -std=gnu++11  -I/opt/X11/include/ conftest.cpp >&5
configure:8425: $? = 0
configure:8425: result: yes
configure:8425: checking for memory.h
configure:8425: clang++ -c -O2 -DNDEBUG -stdlib=libc++ -std=gnu++11  -I/opt/X11/include/ conftest.cpp >&5
configure:8425: $? = 0
configure:8425: result: yes
configure:8425: checking for strings.h
configure:8425: clang++ -c -O2 -DNDEBUG -stdlib=libc++ -std=gnu++11  -I/opt/X11/include/ conftest.cpp >&5
configure:8425: $? = 0
configure:8425: result: yes
configure:8425: checking for inttypes.h
configure:8425: clang++ -c -O2 -DNDEBUG -stdlib=libc++ -std=gnu++11  -I/opt/X11/include/ conftest.cpp >&5
configure:8425: $? = 0
configure:8425: result: yes
configure:8425: checking for stdint.h
configure:8425: clang++ -c -O2 -DNDEBUG -stdlib=libc++ -std=gnu++11  -I/opt/X11/include/ conftest.cpp >&5
configure:8425: $? = 0
configure:8425: result: yes
configure:8425: checking for unistd.h
configure:8425: clang++ -c -O2 -DNDEBUG -stdlib=libc++ -std=gnu++11  -I/opt/X11/include/ conftest.cpp >&5
configure:8425: $? = 0
configure:8425: result: yes
configure:8439: checking for dlfcn.h
configure:8439: clang++ -c -O2 -DNDEBUG -stdlib=libc++ -std=gnu++11  -I/opt/X11/include/ conftest.cpp >&5
configure:8439: $? = 0
configure:8439: result: yes
configure:8655: checking for objdir
configure:8670: result: .libs
configure:8937: checking if gcc supports -fno-rtti -fno-exceptions
configure:8955: gcc -c -g -O2  -I/opt/X11/include/ -fno-rtti -fno-exceptions conftest.c >&5
configure:8959: $? = 0
configure:8972: result: yes
configure:9299: checking for gcc option to produce PIC
configure:9306: result: -fno-common -DPIC
configure:9314: checking if gcc PIC flag -fno-common -DPIC works
configure:9332: gcc -c -g -O2  -I/opt/X11/include/ -fno-common -DPIC -DPIC conftest.c >&5
configure:9336: $? = 0
configure:9349: result: yes
configure:9378: checking if gcc static flag -static works
configure:9406: result: no
configure:9421: checking if gcc supports -c -o file.o
configure:9442: gcc -c -g -O2  -I/opt/X11/include/ -o out/conftest2.o conftest.c >&5
configure:9446: $? = 0
configure:9468: result: yes
configure:9476: checking if gcc supports -c -o file.o
configure:9523: result: yes
configure:9556: checking whether the gcc linker (/Applications/Xcode.app/Contents/Developer/Toolchains/XcodeDefault.xctoolchain/usr/bin/ld) supports shared libraries
configure:10709: result: yes
configure:10949: checking dynamic linker characteristics
configure:11682: result: darwin16.6.0 dyld
configure:11789: checking how to hardcode library paths into programs
configure:11814: result: immediate
configure:12354: checking whether stripping libraries is possible
configure:12368: result: yes
configure:12394: checking if libtool supports shared libraries
configure:12396: result: yes
configure:12399: checking whether to build shared libraries
configure:12420: result: yes
configure:12423: checking whether to build static libraries
configure:12427: result: yes
configure:12450: checking how to run the C++ preprocessor
configure:12477: clang++ -E  -I/opt/X11/include/ conftest.cpp
configure:12477: $? = 0
configure:12491: clang++ -E  -I/opt/X11/include/ conftest.cpp
conftest.cpp:22:10: fatal error: 'ac_nonexistent.h' file not found
#include <ac_nonexistent.h>
         ^
1 error generated.
configure:12491: $? = 1
configure: failed program was:
| /* confdefs.h */
| #define PACKAGE_NAME "sumo"
| #define PACKAGE_TARNAME "sumo"
| #define PACKAGE_VERSION "0.30.0"
| #define PACKAGE_STRING "sumo 0.30.0"
| #define PACKAGE_BUGREPORT ""
| #define PACKAGE_URL ""
| #define PACKAGE "sumo"
| #define VERSION "0.30.0"
| #define HAVE_SYS_TYPES_H 1
| #define HAVE_SYS_STAT_H 1
| #define HAVE_STDLIB_H 1
| #define HAVE_STRING_H 1
| #define HAVE_MEMORY_H 1
| #define HAVE_STRINGS_H 1
| #define HAVE_INTTYPES_H 1
| #define HAVE_STDINT_H 1
| #define HAVE_UNISTD_H 1
| #define HAVE_DLFCN_H 1
| #define LT_OBJDIR ".libs/"
| /* end confdefs.h.  */
| #include <ac_nonexistent.h>
configure:12516: result: clang++ -E
configure:12536: clang++ -E  -I/opt/X11/include/ conftest.cpp
configure:12536: $? = 0
configure:12550: clang++ -E  -I/opt/X11/include/ conftest.cpp
conftest.cpp:22:10: fatal error: 'ac_nonexistent.h' file not found
#include <ac_nonexistent.h>
         ^
1 error generated.
configure:12550: $? = 1
configure: failed program was:
| /* confdefs.h */
| #define PACKAGE_NAME "sumo"
| #define PACKAGE_TARNAME "sumo"
| #define PACKAGE_VERSION "0.30.0"
| #define PACKAGE_STRING "sumo 0.30.0"
| #define PACKAGE_BUGREPORT ""
| #define PACKAGE_URL ""
| #define PACKAGE "sumo"
| #define VERSION "0.30.0"
| #define HAVE_SYS_TYPES_H 1
| #define HAVE_SYS_STAT_H 1
| #define HAVE_STDLIB_H 1
| #define HAVE_STRING_H 1
| #define HAVE_MEMORY_H 1
| #define HAVE_STRINGS_H 1
| #define HAVE_INTTYPES_H 1
| #define HAVE_STDINT_H 1
| #define HAVE_UNISTD_H 1
| #define HAVE_DLFCN_H 1
| #define LT_OBJDIR ".libs/"
| /* end confdefs.h.  */
| #include <ac_nonexistent.h>
configure:12719: checking for ld used by clang++
configure:12786: result: /Applications/Xcode.app/Contents/Developer/Toolchains/XcodeDefault.xctoolchain/usr/bin/ld
configure:12793: checking if the linker (/Applications/Xcode.app/Contents/Developer/Toolchains/XcodeDefault.xctoolchain/usr/bin/ld) is GNU ld
configure:12808: result: no
configure:12863: checking whether the clang++ linker (/Applications/Xcode.app/Contents/Developer/Toolchains/XcodeDefault.xctoolchain/usr/bin/ld) supports shared libraries
configure:13868: result: yes
configure:13904: clang++ -c -O2 -DNDEBUG -stdlib=libc++ -std=gnu++11  -I/opt/X11/include/ conftest.cpp >&5
configure:13907: $? = 0
configure:14427: checking for clang++ option to produce PIC
configure:14434: result: -fno-common -DPIC
configure:14442: checking if clang++ PIC flag -fno-common -DPIC works
configure:14460: clang++ -c -O2 -DNDEBUG -stdlib=libc++ -std=gnu++11  -I/opt/X11/include/ -fno-common -DPIC -DPIC conftest.cpp >&5
configure:14464: $? = 0
configure:14477: result: yes
configure:14500: checking if clang++ static flag -static works
configure:14528: result: no
configure:14540: checking if clang++ supports -c -o file.o
configure:14561: clang++ -c -O2 -DNDEBUG -stdlib=libc++ -std=gnu++11  -I/opt/X11/include/ -o out/conftest2.o conftest.cpp >&5
configure:14565: $? = 0
configure:14587: result: yes
configure:14592: checking if clang++ supports -c -o file.o
configure:14639: result: yes
configure:14669: checking whether the clang++ linker (/Applications/Xcode.app/Contents/Developer/Toolchains/XcodeDefault.xctoolchain/usr/bin/ld) supports shared libraries
configure:14705: result: yes
configure:14846: checking dynamic linker characteristics
configure:15513: result: darwin16.6.0 dyld
configure:15566: checking how to hardcode library paths into programs
configure:15591: result: immediate
configure:15787: checking for pkg-config
configure:15820: result: no
configure:15855: checking for XERCES
configure:15916: result: no
configure:15997: checking for main in -lxerces-c
configure:16016: clang++ -o conftest -O2 -DNDEBUG -stdlib=libc++ -std=gnu++11  -I/opt/X11/include/ -I/opt/local/include -L/usr/local/lib conftest.cpp -lxerces-c   >&5
configure:16016: $? = 0
configure:16026: result: yes
configure:16061: checking xercesc/util/XercesVersion.hpp usability
configure:16061: clang++ -c -O2 -DNDEBUG -stdlib=libc++ -std=gnu++11 -I/usr/local/include conftest.cpp >&5
configure:16061: $? = 0
configure:16061: result: yes
configure:16061: checking xercesc/util/XercesVersion.hpp presence
configure:16061: clang++ -E -I/usr/local/include conftest.cpp
configure:16061: $? = 0
configure:16061: result: yes
configure:16061: checking for xercesc/util/XercesVersion.hpp
configure:16061: result: yes
configure:16142: checking for main in -lproj
configure:16161: clang++ -o conftest -O2 -DNDEBUG -stdlib=libc++ -std=gnu++11  -I/opt/X11/include/ -I/opt/local/include -L/usr/local/lib conftest.cpp -lproj   >&5
configure:16161: $? = 0
configure:16170: result: yes
configure:16202: checking proj_api.h usability
configure:16202: clang++ -c -O2 -DNDEBUG -stdlib=libc++ -std=gnu++11 -I/usr/local/include conftest.cpp >&5
configure:16202: $? = 0
configure:16202: result: yes
configure:16202: checking proj_api.h presence
configure:16202: clang++ -E -I/usr/local/include conftest.cpp
configure:16202: $? = 0
configure:16202: result: yes
configure:16202: checking for proj_api.h
configure:16202: result: yes
configure:16235: checking for gdal-config
configure:16253: found /usr/local/bin/gdal-config
configure:16265: result: /usr/local/bin/gdal-config
configure:16296: checking ogr_api.h usability
configure:16296: clang++ -c -O2 -DNDEBUG -stdlib=libc++ -std=gnu++11 -I/usr/local/Cellar/gdal/1.11.5_2/include conftest.cpp >&5
configure:16296: $? = 0
configure:16296: result: yes
configure:16296: checking ogr_api.h presence
configure:16296: clang++ -E -I/usr/local/Cellar/gdal/1.11.5_2/include conftest.cpp
configure:16296: $? = 0
configure:16296: result: yes
configure:16296: checking for ogr_api.h
configure:16296: result: yes
configure:16327: checking for fox-config
configure:16345: found /usr/local/bin/fox-config
configure:16357: result: /usr/local/bin/fox-config
configure:16388: checking fxver.h usability
configure:16388: clang++ -c -O2 -DNDEBUG -stdlib=libc++ -std=gnu++11 -I/usr/local/Cellar/fox/1.6.54/include/fox-1.6 conftest.cpp >&5
configure:16388: $? = 0
configure:16388: result: yes
configure:16388: checking fxver.h presence
configure:16388: clang++ -E -I/usr/local/Cellar/fox/1.6.54/include/fox-1.6 conftest.cpp
configure:16388: $? = 0
configure:16388: result: yes
configure:16388: checking for fxver.h
configure:16388: result: yes
configure:16427: checking for gtest-config
configure:16460: result: no
configure:16577: checking libavformat/version.h usability
configure:16577: clang++ -c -O2 -DNDEBUG -stdlib=libc++ -std=gnu++11  -I/opt/X11/include/ -I/opt/local/include -I/usr/include/ffmpeg -I/usr/local/include conftest.cpp >&5
conftest.cpp:62:10: fatal error: 'libavformat/version.h' file not found
#include <libavformat/version.h>
         ^
1 error generated.
configure:16577: $? = 1
configure: failed program was:
| /* confdefs.h */
| #define PACKAGE_NAME "sumo"
| #define PACKAGE_TARNAME "sumo"
| #define PACKAGE_VERSION "0.30.0"
| #define PACKAGE_STRING "sumo 0.30.0"
| #define PACKAGE_BUGREPORT ""
| #define PACKAGE_URL ""
| #define PACKAGE "sumo"
| #define VERSION "0.30.0"
| #define HAVE_SYS_TYPES_H 1
| #define HAVE_SYS_STAT_H 1
| #define HAVE_STDLIB_H 1
| #define HAVE_STRING_H 1
| #define HAVE_MEMORY_H 1
| #define HAVE_STRINGS_H 1
| #define HAVE_INTTYPES_H 1
| #define HAVE_STDINT_H 1
| #define HAVE_UNISTD_H 1
| #define HAVE_DLFCN_H 1
| #define LT_OBJDIR ".libs/"
| #define POSITION_EPS 0.1
| #define NUMERICAL_EPS 0.001
| #define VERSION_STRING "0.30.0"
| #define XERCES3_SIZE_t unsigned int
| #define HAVE_PROJ 1
| #define HAVE_GDAL 1
| #define HAVE_FOX 1
| /* end confdefs.h.  */
| #include <stdio.h>
| #ifdef HAVE_SYS_TYPES_H
| # include <sys/types.h>
| #endif
| #ifdef HAVE_SYS_STAT_H
| # include <sys/stat.h>
| #endif
| #ifdef STDC_HEADERS
| # include <stdlib.h>
| # include <stddef.h>
| #else
| # ifdef HAVE_STDLIB_H
| #  include <stdlib.h>
| # endif
| #endif
| #ifdef HAVE_STRING_H
| # if !defined STDC_HEADERS && defined HAVE_MEMORY_H
| #  include <memory.h>
| # endif
| # include <string.h>
| #endif
| #ifdef HAVE_STRINGS_H
| # include <strings.h>
| #endif
| #ifdef HAVE_INTTYPES_H
| # include <inttypes.h>
| #endif
| #ifdef HAVE_STDINT_H
| # include <stdint.h>
| #endif
| #ifdef HAVE_UNISTD_H
| # include <unistd.h>
| #endif
| #include <libavformat/version.h>
configure:16577: result: no
configure:16577: checking libavformat/version.h presence
configure:16577: clang++ -E  -I/opt/X11/include/ -I/opt/local/include -I/usr/include/ffmpeg -I/usr/local/include conftest.cpp
conftest.cpp:29:10: fatal error: 'libavformat/version.h' file not found
#include <libavformat/version.h>
         ^
1 error generated.
configure:16577: $? = 1
configure: failed program was:
| /* confdefs.h */
| #define PACKAGE_NAME "sumo"
| #define PACKAGE_TARNAME "sumo"
| #define PACKAGE_VERSION "0.30.0"
| #define PACKAGE_STRING "sumo 0.30.0"
| #define PACKAGE_BUGREPORT ""
| #define PACKAGE_URL ""
| #define PACKAGE "sumo"
| #define VERSION "0.30.0"
| #define HAVE_SYS_TYPES_H 1
| #define HAVE_SYS_STAT_H 1
| #define HAVE_STDLIB_H 1
| #define HAVE_STRING_H 1
| #define HAVE_MEMORY_H 1
| #define HAVE_STRINGS_H 1
| #define HAVE_INTTYPES_H 1
| #define HAVE_STDINT_H 1
| #define HAVE_UNISTD_H 1
| #define HAVE_DLFCN_H 1
| #define LT_OBJDIR ".libs/"
| #define POSITION_EPS 0.1
| #define NUMERICAL_EPS 0.001
| #define VERSION_STRING "0.30.0"
| #define XERCES3_SIZE_t unsigned int
| #define HAVE_PROJ 1
| #define HAVE_GDAL 1
| #define HAVE_FOX 1
| /* end confdefs.h.  */
| #include <libavformat/version.h>
configure:16577: result: no
configure:16577: checking for libavformat/version.h
configure:16577: result: no
configure:16611: checking for size_t
configure:16611: clang++ -c -O2 -DNDEBUG -stdlib=libc++ -std=gnu++11  -I/opt/X11/include/ -I/opt/local/include conftest.cpp >&5
configure:16611: $? = 0
configure:16611: clang++ -c -O2 -DNDEBUG -stdlib=libc++ -std=gnu++11  -I/opt/X11/include/ -I/opt/local/include conftest.cpp >&5
conftest.cpp:66:21: error: expected expression
if (sizeof ((size_t)))
                    ^
1 error generated.
configure:16611: $? = 1
configure: failed program was:
| /* confdefs.h */
| #define PACKAGE_NAME "sumo"
| #define PACKAGE_TARNAME "sumo"
| #define PACKAGE_VERSION "0.30.0"
| #define PACKAGE_STRING "sumo 0.30.0"
| #define PACKAGE_BUGREPORT ""
| #define PACKAGE_URL ""
| #define PACKAGE "sumo"
| #define VERSION "0.30.0"
| #define HAVE_SYS_TYPES_H 1
| #define HAVE_SYS_STAT_H 1
| #define HAVE_STDLIB_H 1
| #define HAVE_STRING_H 1
| #define HAVE_MEMORY_H 1
| #define HAVE_STRINGS_H 1
| #define HAVE_INTTYPES_H 1
| #define HAVE_STDINT_H 1
| #define HAVE_UNISTD_H 1
| #define HAVE_DLFCN_H 1
| #define LT_OBJDIR ".libs/"
| #define POSITION_EPS 0.1
| #define NUMERICAL_EPS 0.001
| #define VERSION_STRING "0.30.0"
| #define XERCES3_SIZE_t unsigned int
| #define HAVE_PROJ 1
| #define HAVE_GDAL 1
| #define HAVE_FOX 1
| #define HAVE_ENABLED "x86_64-apple-darwin16.6.0 TRACI PROJ GDAL GUI"
| /* end confdefs.h.  */
| #include <stdio.h>
| #ifdef HAVE_SYS_TYPES_H
| # include <sys/types.h>
| #endif
| #ifdef HAVE_SYS_STAT_H
| # include <sys/stat.h>
| #endif
| #ifdef STDC_HEADERS
| # include <stdlib.h>
| # include <stddef.h>
| #else
| # ifdef HAVE_STDLIB_H
| #  include <stdlib.h>
| # endif
| #endif
| #ifdef HAVE_STRING_H
| # if !defined STDC_HEADERS && defined HAVE_MEMORY_H
| #  include <memory.h>
| # endif
| # include <string.h>
| #endif
| #ifdef HAVE_STRINGS_H
| # include <strings.h>
| #endif
| #ifdef HAVE_INTTYPES_H
| # include <inttypes.h>
| #endif
| #ifdef HAVE_STDINT_H
| # include <stdint.h>
| #endif
| #ifdef HAVE_UNISTD_H
| # include <unistd.h>
| #endif
| int
| main ()
| {
| if (sizeof ((size_t)))
| 	    return 0;
|   ;
|   return 0;
| }
configure:16611: result: yes
configure:16624: checking for working alloca.h
configure:16641: clang++ -o conftest -O2 -DNDEBUG -stdlib=libc++ -std=gnu++11  -I/opt/X11/include/ -I/opt/local/include -L/opt/X11/lib -L/opt/local/lib conftest.cpp  >&5
ld: warning: directory not found for option '-L/opt/local/lib'
configure:16641: $? = 0
configure:16649: result: yes
configure:16657: checking for alloca
configure:16694: clang++ -o conftest -O2 -DNDEBUG -stdlib=libc++ -std=gnu++11  -I/opt/X11/include/ -I/opt/local/include -L/opt/X11/lib -L/opt/local/lib conftest.cpp  >&5
ld: warning: directory not found for option '-L/opt/local/lib'
configure:16694: $? = 0
configure:16702: result: yes
configure:16808: checking for ANSI C header files
configure:16912: result: no
configure:16923: checking float.h usability
configure:16923: clang++ -c -O2 -DNDEBUG -stdlib=libc++ -std=gnu++11  -I/opt/X11/include/ -I/opt/local/include conftest.cpp >&5
configure:16923: $? = 0
configure:16923: result: yes
configure:16923: checking float.h presence
configure:16923: clang++ -E  -I/opt/X11/include/ -I/opt/local/include conftest.cpp
configure:16923: $? = 0
configure:16923: result: yes
configure:16923: checking for float.h
configure:16923: result: yes
configure:16923: checking limits.h usability
configure:16923: clang++ -c -O2 -DNDEBUG -stdlib=libc++ -std=gnu++11  -I/opt/X11/include/ -I/opt/local/include conftest.cpp >&5
configure:16923: $? = 0
configure:16923: result: yes
configure:16923: checking limits.h presence
configure:16923: clang++ -E  -I/opt/X11/include/ -I/opt/local/include conftest.cpp
configure:16923: $? = 0
configure:16923: result: yes
configure:16923: checking for limits.h
configure:16923: result: yes
configure:16923: checking malloc.h usability
configure:16923: clang++ -c -O2 -DNDEBUG -stdlib=libc++ -std=gnu++11  -I/opt/X11/include/ -I/opt/local/include conftest.cpp >&5
conftest.cpp:67:10: fatal error: 'malloc.h' file not found
#include <malloc.h>
         ^
1 error generated.
configure:16923: $? = 1
configure: failed program was:
| /* confdefs.h */
| #define PACKAGE_NAME "sumo"
| #define PACKAGE_TARNAME "sumo"
| #define PACKAGE_VERSION "0.30.0"
| #define PACKAGE_STRING "sumo 0.30.0"
| #define PACKAGE_BUGREPORT ""
| #define PACKAGE_URL ""
| #define PACKAGE "sumo"
| #define VERSION "0.30.0"
| #define HAVE_SYS_TYPES_H 1
| #define HAVE_SYS_STAT_H 1
| #define HAVE_STDLIB_H 1
| #define HAVE_STRING_H 1
| #define HAVE_MEMORY_H 1
| #define HAVE_STRINGS_H 1
| #define HAVE_INTTYPES_H 1
| #define HAVE_STDINT_H 1
| #define HAVE_UNISTD_H 1
| #define HAVE_DLFCN_H 1
| #define LT_OBJDIR ".libs/"
| #define POSITION_EPS 0.1
| #define NUMERICAL_EPS 0.001
| #define VERSION_STRING "0.30.0"
| #define XERCES3_SIZE_t unsigned int
| #define HAVE_PROJ 1
| #define HAVE_GDAL 1
| #define HAVE_FOX 1
| #define HAVE_ENABLED "x86_64-apple-darwin16.6.0 TRACI PROJ GDAL GUI"
| #define HAVE_ALLOCA_H 1
| #define HAVE_ALLOCA 1
| #define HAVE_FLOAT_H 1
| #define HAVE_LIMITS_H 1
| /* end confdefs.h.  */
| #include <stdio.h>
| #ifdef HAVE_SYS_TYPES_H
| # include <sys/types.h>
| #endif
| #ifdef HAVE_SYS_STAT_H
| # include <sys/stat.h>
| #endif
| #ifdef STDC_HEADERS
| # include <stdlib.h>
| # include <stddef.h>
| #else
| # ifdef HAVE_STDLIB_H
| #  include <stdlib.h>
| # endif
| #endif
| #ifdef HAVE_STRING_H
| # if !defined STDC_HEADERS && defined HAVE_MEMORY_H
| #  include <memory.h>
| # endif
| # include <string.h>
| #endif
| #ifdef HAVE_STRINGS_H
| # include <strings.h>
| #endif
| #ifdef HAVE_INTTYPES_H
| # include <inttypes.h>
| #endif
| #ifdef HAVE_STDINT_H
| # include <stdint.h>
| #endif
| #ifdef HAVE_UNISTD_H
| # include <unistd.h>
| #endif
| #include <malloc.h>
configure:16923: result: no
configure:16923: checking malloc.h presence
configure:16923: clang++ -E  -I/opt/X11/include/ -I/opt/local/include conftest.cpp
conftest.cpp:34:10: fatal error: 'malloc.h' file not found
#include <malloc.h>
         ^
1 error generated.
configure:16923: $? = 1
configure: failed program was:
| /* confdefs.h */
| #define PACKAGE_NAME "sumo"
| #define PACKAGE_TARNAME "sumo"
| #define PACKAGE_VERSION "0.30.0"
| #define PACKAGE_STRING "sumo 0.30.0"
| #define PACKAGE_BUGREPORT ""
| #define PACKAGE_URL ""
| #define PACKAGE "sumo"
| #define VERSION "0.30.0"
| #define HAVE_SYS_TYPES_H 1
| #define HAVE_SYS_STAT_H 1
| #define HAVE_STDLIB_H 1
| #define HAVE_STRING_H 1
| #define HAVE_MEMORY_H 1
| #define HAVE_STRINGS_H 1
| #define HAVE_INTTYPES_H 1
| #define HAVE_STDINT_H 1
| #define HAVE_UNISTD_H 1
| #define HAVE_DLFCN_H 1
| #define LT_OBJDIR ".libs/"
| #define POSITION_EPS 0.1
| #define NUMERICAL_EPS 0.001
| #define VERSION_STRING "0.30.0"
| #define XERCES3_SIZE_t unsigned int
| #define HAVE_PROJ 1
| #define HAVE_GDAL 1
| #define HAVE_FOX 1
| #define HAVE_ENABLED "x86_64-apple-darwin16.6.0 TRACI PROJ GDAL GUI"
| #define HAVE_ALLOCA_H 1
| #define HAVE_ALLOCA 1
| #define HAVE_FLOAT_H 1
| #define HAVE_LIMITS_H 1
| /* end confdefs.h.  */
| #include <malloc.h>
configure:16923: result: no
configure:16923: checking for malloc.h
configure:16923: result: no
configure:16923: checking math.h usability
configure:16923: clang++ -c -O2 -DNDEBUG -stdlib=libc++ -std=gnu++11  -I/opt/X11/include/ -I/opt/local/include conftest.cpp >&5
configure:16923: $? = 0
configure:16923: result: yes
configure:16923: checking math.h presence
configure:16923: clang++ -E  -I/opt/X11/include/ -I/opt/local/include conftest.cpp
configure:16923: $? = 0
configure:16923: result: yes
configure:16923: checking for math.h
configure:16923: result: yes
configure:16923: checking stddef.h usability
configure:16923: clang++ -c -O2 -DNDEBUG -stdlib=libc++ -std=gnu++11  -I/opt/X11/include/ -I/opt/local/include conftest.cpp >&5
configure:16923: $? = 0
configure:16923: result: yes
configure:16923: checking stddef.h presence
configure:16923: clang++ -E  -I/opt/X11/include/ -I/opt/local/include conftest.cpp
configure:16923: $? = 0
configure:16923: result: yes
configure:16923: checking for stddef.h
configure:16923: result: yes
configure:16923: checking for stdlib.h
configure:16923: result: yes
configure:16923: checking for string.h
configure:16923: result: yes
configure:16923: checking sys/time.h usability
configure:16923: clang++ -c -O2 -DNDEBUG -stdlib=libc++ -std=gnu++11  -I/opt/X11/include/ -I/opt/local/include conftest.cpp >&5
configure:16923: $? = 0
configure:16923: result: yes
configure:16923: checking sys/time.h presence
configure:16923: clang++ -E  -I/opt/X11/include/ -I/opt/local/include conftest.cpp
configure:16923: $? = 0
configure:16923: result: yes
configure:16923: checking for sys/time.h
configure:16923: result: yes
configure:16923: checking for unistd.h
configure:16923: result: yes
configure:16923: checking wchar.h usability
configure:16923: clang++ -c -O2 -DNDEBUG -stdlib=libc++ -std=gnu++11  -I/opt/X11/include/ -I/opt/local/include conftest.cpp >&5
configure:16923: $? = 0
configure:16923: result: yes
configure:16923: checking wchar.h presence
configure:16923: clang++ -E  -I/opt/X11/include/ -I/opt/local/include conftest.cpp
configure:16923: $? = 0
configure:16923: result: yes
configure:16923: checking for wchar.h
configure:16923: result: yes
configure:16934: checking for stdbool.h that conforms to C99
configure:17001: clang++ -c -O2 -DNDEBUG -stdlib=libc++ -std=gnu++11  -I/opt/X11/include/ -I/opt/local/include conftest.cpp >&5
conftest.cpp:90:24: warning: address of 's' will always evaluate to 'true' [-Wpointer-bool-conversion]
             bool e = &s;
                  ~    ^
conftest.cpp:94:23: warning: address of array 'a' will always evaluate to 'true' [-Wpointer-bool-conversion]
             return (!a + !b + !c + !d + !e + !f + !g + !h + !i + !!j + !k + !!l
                     ~^
conftest.cpp:94:28: warning: address of array 'b' will always evaluate to 'true' [-Wpointer-bool-conversion]
             return (!a + !b + !c + !d + !e + !f + !g + !h + !i + !!j + !k + !!l
                          ~^
conftest.cpp:94:33: warning: address of array 'c' will always evaluate to 'true' [-Wpointer-bool-conversion]
             return (!a + !b + !c + !d + !e + !f + !g + !h + !i + !!j + !k + !!l
                               ~^
conftest.cpp:94:38: warning: address of array 'd' will always evaluate to 'true' [-Wpointer-bool-conversion]
             return (!a + !b + !c + !d + !e + !f + !g + !h + !i + !!j + !k + !!l
                                    ~^
conftest.cpp:94:48: warning: address of array 'f' will always evaluate to 'true' [-Wpointer-bool-conversion]
             return (!a + !b + !c + !d + !e + !f + !g + !h + !i + !!j + !k + !!l
                                              ~^
conftest.cpp:94:53: warning: address of array 'g' will always evaluate to 'true' [-Wpointer-bool-conversion]
             return (!a + !b + !c + !d + !e + !f + !g + !h + !i + !!j + !k + !!l
                                                   ~^
conftest.cpp:94:58: warning: address of array 'h' will always evaluate to 'true' [-Wpointer-bool-conversion]
             return (!a + !b + !c + !d + !e + !f + !g + !h + !i + !!j + !k + !!l
                                                        ~^
conftest.cpp:94:63: warning: address of array 'i' will always evaluate to 'true' [-Wpointer-bool-conversion]
             return (!a + !b + !c + !d + !e + !f + !g + !h + !i + !!j + !k + !!l
                                                             ~^
conftest.cpp:95:30: warning: address of array 'n' will always evaluate to 'true' [-Wpointer-bool-conversion]
                            ~^
conftest.cpp:95:35: warning: address of array 'o' will always evaluate to 'true' [-Wpointer-bool-conversion]
                                 ~^
conftest.cpp:95:40: warning: address of array 'p' will always evaluate to 'true' [-Wpointer-bool-conversion]
                                      ~^
12 warnings generated.
configure:17001: $? = 0
configure:17008: result: yes
configure:17010: checking for _Bool
configure:17010: clang++ -c -O2 -DNDEBUG -stdlib=libc++ -std=gnu++11  -I/opt/X11/include/ -I/opt/local/include conftest.cpp >&5
conftest.cpp:77:13: error: use of undeclared identifier '_Bool'
if (sizeof (_Bool))
            ^
1 error generated.
configure:17010: $? = 1
configure: failed program was:
| /* confdefs.h */
| #define PACKAGE_NAME "sumo"
| #define PACKAGE_TARNAME "sumo"
| #define PACKAGE_VERSION "0.30.0"
| #define PACKAGE_STRING "sumo 0.30.0"
| #define PACKAGE_BUGREPORT ""
| #define PACKAGE_URL ""
| #define PACKAGE "sumo"
| #define VERSION "0.30.0"
| #define HAVE_SYS_TYPES_H 1
| #define HAVE_SYS_STAT_H 1
| #define HAVE_STDLIB_H 1
| #define HAVE_STRING_H 1
| #define HAVE_MEMORY_H 1
| #define HAVE_STRINGS_H 1
| #define HAVE_INTTYPES_H 1
| #define HAVE_STDINT_H 1
| #define HAVE_UNISTD_H 1
| #define HAVE_DLFCN_H 1
| #define LT_OBJDIR ".libs/"
| #define POSITION_EPS 0.1
| #define NUMERICAL_EPS 0.001
| #define VERSION_STRING "0.30.0"
| #define XERCES3_SIZE_t unsigned int
| #define HAVE_PROJ 1
| #define HAVE_GDAL 1
| #define HAVE_FOX 1
| #define HAVE_ENABLED "x86_64-apple-darwin16.6.0 TRACI PROJ GDAL GUI"
| #define HAVE_ALLOCA_H 1
| #define HAVE_ALLOCA 1
| #define HAVE_FLOAT_H 1
| #define HAVE_LIMITS_H 1
| #define HAVE_MATH_H 1
| #define HAVE_STDDEF_H 1
| #define HAVE_STDLIB_H 1
| #define HAVE_STRING_H 1
| #define HAVE_SYS_TIME_H 1
| #define HAVE_UNISTD_H 1
| #define HAVE_WCHAR_H 1
| /* end confdefs.h.  */
| #include <stdio.h>
| #ifdef HAVE_SYS_TYPES_H
| # include <sys/types.h>
| #endif
| #ifdef HAVE_SYS_STAT_H
| # include <sys/stat.h>
| #endif
| #ifdef STDC_HEADERS
| # include <stdlib.h>
| # include <stddef.h>
| #else
| # ifdef HAVE_STDLIB_H
| #  include <stdlib.h>
| # endif
| #endif
| #ifdef HAVE_STRING_H
| # if !defined STDC_HEADERS && defined HAVE_MEMORY_H
| #  include <memory.h>
| # endif
| # include <string.h>
| #endif
| #ifdef HAVE_STRINGS_H
| # include <strings.h>
| #endif
| #ifdef HAVE_INTTYPES_H
| # include <inttypes.h>
| #endif
| #ifdef HAVE_STDINT_H
| # include <stdint.h>
| #endif
| #ifdef HAVE_UNISTD_H
| # include <unistd.h>
| #endif
| int
| main ()
| {
| if (sizeof (_Bool))
| 	 return 0;
|   ;
|   return 0;
| }
configure:17010: result: no
configure:17027: checking for an ANSI C-conforming const
configure:17093: clang++ -c -O2 -DNDEBUG -stdlib=libc++ -std=gnu++11  -I/opt/X11/include/ -I/opt/local/include conftest.cpp >&5
configure:17093: $? = 0
configure:17100: result: yes
configure:17108: checking for inline
configure:17124: clang++ -c -O2 -DNDEBUG -stdlib=libc++ -std=gnu++11  -I/opt/X11/include/ -I/opt/local/include conftest.cpp >&5
configure:17124: $? = 0
configure:17132: result: inline
configure:17150: checking for size_t
configure:17150: result: yes
configure:17161: checking whether time.h and sys/time.h may both be included
configure:17181: clang++ -c -O2 -DNDEBUG -stdlib=libc++ -std=gnu++11  -I/opt/X11/include/ -I/opt/local/include conftest.cpp >&5
configure:17181: $? = 0
configure:17188: result: yes
configure:17196: checking whether struct tm is in sys/time.h or time.h
configure:17216: clang++ -c -O2 -DNDEBUG -stdlib=libc++ -std=gnu++11  -I/opt/X11/include/ -I/opt/local/include conftest.cpp >&5
configure:17216: $? = 0
configure:17223: result: time.h
configure:17231: checking for working volatile
configure:17250: clang++ -c -O2 -DNDEBUG -stdlib=libc++ -std=gnu++11  -I/opt/X11/include/ -I/opt/local/include conftest.cpp >&5
configure:17250: $? = 0
configure:17257: result: yes
configure:17266: checking for error_at_line
configure:17282: clang++ -o conftest -O2 -DNDEBUG -stdlib=libc++ -std=gnu++11  -I/opt/X11/include/ -I/opt/local/include -L/opt/X11/lib -L/opt/local/lib conftest.cpp  >&5
conftest.cpp:43:10: fatal error: 'error.h' file not found
#include <error.h>
         ^
1 error generated.
configure:17282: $? = 1
configure: failed program was:
| /* confdefs.h */
| #define PACKAGE_NAME "sumo"
| #define PACKAGE_TARNAME "sumo"
| #define PACKAGE_VERSION "0.30.0"
| #define PACKAGE_STRING "sumo 0.30.0"
| #define PACKAGE_BUGREPORT ""
| #define PACKAGE_URL ""
| #define PACKAGE "sumo"
| #define VERSION "0.30.0"
| #define HAVE_SYS_TYPES_H 1
| #define HAVE_SYS_STAT_H 1
| #define HAVE_STDLIB_H 1
| #define HAVE_STRING_H 1
| #define HAVE_MEMORY_H 1
| #define HAVE_STRINGS_H 1
| #define HAVE_INTTYPES_H 1
| #define HAVE_STDINT_H 1
| #define HAVE_UNISTD_H 1
| #define HAVE_DLFCN_H 1
| #define LT_OBJDIR ".libs/"
| #define POSITION_EPS 0.1
| #define NUMERICAL_EPS 0.001
| #define VERSION_STRING "0.30.0"
| #define XERCES3_SIZE_t unsigned int
| #define HAVE_PROJ 1
| #define HAVE_GDAL 1
| #define HAVE_FOX 1
| #define HAVE_ENABLED "x86_64-apple-darwin16.6.0 TRACI PROJ GDAL GUI"
| #define HAVE_ALLOCA_H 1
| #define HAVE_ALLOCA 1
| #define HAVE_FLOAT_H 1
| #define HAVE_LIMITS_H 1
| #define HAVE_MATH_H 1
| #define HAVE_STDDEF_H 1
| #define HAVE_STDLIB_H 1
| #define HAVE_STRING_H 1
| #define HAVE_SYS_TIME_H 1
| #define HAVE_UNISTD_H 1
| #define HAVE_WCHAR_H 1
| #define HAVE_STDBOOL_H 1
| #define TIME_WITH_SYS_TIME 1
| /* end confdefs.h.  */
| #include <error.h>
| int
| main ()
| {
| error_at_line (0, 0, "", 0, "an error occurred");
|   ;
|   return 0;
| }
configure:17290: result: no
configure:17304: checking sys/select.h usability
configure:17304: clang++ -c -O2 -DNDEBUG -stdlib=libc++ -std=gnu++11  -I/opt/X11/include/ -I/opt/local/include conftest.cpp >&5
configure:17304: $? = 0
configure:17304: result: yes
configure:17304: checking sys/select.h presence
configure:17304: clang++ -E  -I/opt/X11/include/ -I/opt/local/include conftest.cpp
configure:17304: $? = 0
configure:17304: result: yes
configure:17304: checking for sys/select.h
configure:17304: result: yes
configure:17304: checking sys/socket.h usability
configure:17304: clang++ -c -O2 -DNDEBUG -stdlib=libc++ -std=gnu++11  -I/opt/X11/include/ -I/opt/local/include conftest.cpp >&5
configure:17304: $? = 0
configure:17304: result: yes
configure:17304: checking sys/socket.h presence
configure:17304: clang++ -E  -I/opt/X11/include/ -I/opt/local/include conftest.cpp
configure:17304: $? = 0
configure:17304: result: yes
configure:17304: checking for sys/socket.h
configure:17304: result: yes
configure:17314: checking types of arguments for select
configure:17342: clang++ -c -O2 -DNDEBUG -stdlib=libc++ -std=gnu++11  -I/opt/X11/include/ -I/opt/local/include conftest.cpp >&5
configure:17342: $? = 0
configure:17353: result: int,fd_set *,struct timeval *
configure:17376: checking return type of signal handlers
configure:17394: clang++ -c -O2 -DNDEBUG -stdlib=libc++ -std=gnu++11  -I/opt/X11/include/ -I/opt/local/include conftest.cpp >&5
conftest.cpp:54:8: error: indirection requires pointer operand ('void' invalid)
return *(signal (0, 0)) (0) == 1;
       ^~~~~~~~~~~~~~~~~~~~
1 error generated.
configure:17394: $? = 1
configure: failed program was:
| /* confdefs.h */
| #define PACKAGE_NAME "sumo"
| #define PACKAGE_TARNAME "sumo"
| #define PACKAGE_VERSION "0.30.0"
| #define PACKAGE_STRING "sumo 0.30.0"
| #define PACKAGE_BUGREPORT ""
| #define PACKAGE_URL ""
| #define PACKAGE "sumo"
| #define VERSION "0.30.0"
| #define HAVE_SYS_TYPES_H 1
| #define HAVE_SYS_STAT_H 1
| #define HAVE_STDLIB_H 1
| #define HAVE_STRING_H 1
| #define HAVE_MEMORY_H 1
| #define HAVE_STRINGS_H 1
| #define HAVE_INTTYPES_H 1
| #define HAVE_STDINT_H 1
| #define HAVE_UNISTD_H 1
| #define HAVE_DLFCN_H 1
| #define LT_OBJDIR ".libs/"
| #define POSITION_EPS 0.1
| #define NUMERICAL_EPS 0.001
| #define VERSION_STRING "0.30.0"
| #define XERCES3_SIZE_t unsigned int
| #define HAVE_PROJ 1
| #define HAVE_GDAL 1
| #define HAVE_FOX 1
| #define HAVE_ENABLED "x86_64-apple-darwin16.6.0 TRACI PROJ GDAL GUI"
| #define HAVE_ALLOCA_H 1
| #define HAVE_ALLOCA 1
| #define HAVE_FLOAT_H 1
| #define HAVE_LIMITS_H 1
| #define HAVE_MATH_H 1
| #define HAVE_STDDEF_H 1
| #define HAVE_STDLIB_H 1
| #define HAVE_STRING_H 1
| #define HAVE_SYS_TIME_H 1
| #define HAVE_UNISTD_H 1
| #define HAVE_WCHAR_H 1
| #define HAVE_STDBOOL_H 1
| #define TIME_WITH_SYS_TIME 1
| #define HAVE_SYS_SELECT_H 1
| #define HAVE_SYS_SOCKET_H 1
| #define SELECT_TYPE_ARG1 int
| #define SELECT_TYPE_ARG234 (fd_set *)
| #define SELECT_TYPE_ARG5 (struct timeval *)
| /* end confdefs.h.  */
| #include <sys/types.h>
| #include <signal.h>
| 
| int
| main ()
| {
| return *(signal (0, 0)) (0) == 1;
|   ;
|   return 0;
| }
configure:17401: result: void
configure:17409: checking whether lstat correctly handles trailing slash
configure:17435: clang++ -o conftest -O2 -DNDEBUG -stdlib=libc++ -std=gnu++11  -I/opt/X11/include/ -I/opt/local/include -L/opt/X11/lib -L/opt/local/lib conftest.cpp  >&5
ld: warning: directory not found for option '-L/opt/local/lib'
configure:17435: $? = 0
configure:17435: ./conftest
configure:17435: $? = 1
configure: program exited with status 1
configure: failed program was:
| /* confdefs.h */
| #define PACKAGE_NAME "sumo"
| #define PACKAGE_TARNAME "sumo"
| #define PACKAGE_VERSION "0.30.0"
| #define PACKAGE_STRING "sumo 0.30.0"
| #define PACKAGE_BUGREPORT ""
| #define PACKAGE_URL ""
| #define PACKAGE "sumo"
| #define VERSION "0.30.0"
| #define HAVE_SYS_TYPES_H 1
| #define HAVE_SYS_STAT_H 1
| #define HAVE_STDLIB_H 1
| #define HAVE_STRING_H 1
| #define HAVE_MEMORY_H 1
| #define HAVE_STRINGS_H 1
| #define HAVE_INTTYPES_H 1
| #define HAVE_STDINT_H 1
| #define HAVE_UNISTD_H 1
| #define HAVE_DLFCN_H 1
| #define LT_OBJDIR ".libs/"
| #define POSITION_EPS 0.1
| #define NUMERICAL_EPS 0.001
| #define VERSION_STRING "0.30.0"
| #define XERCES3_SIZE_t unsigned int
| #define HAVE_PROJ 1
| #define HAVE_GDAL 1
| #define HAVE_FOX 1
| #define HAVE_ENABLED "x86_64-apple-darwin16.6.0 TRACI PROJ GDAL GUI"
| #define HAVE_ALLOCA_H 1
| #define HAVE_ALLOCA 1
| #define HAVE_FLOAT_H 1
| #define HAVE_LIMITS_H 1
| #define HAVE_MATH_H 1
| #define HAVE_STDDEF_H 1
| #define HAVE_STDLIB_H 1
| #define HAVE_STRING_H 1
| #define HAVE_SYS_TIME_H 1
| #define HAVE_UNISTD_H 1
| #define HAVE_WCHAR_H 1
| #define HAVE_STDBOOL_H 1
| #define TIME_WITH_SYS_TIME 1
| #define HAVE_SYS_SELECT_H 1
| #define HAVE_SYS_SOCKET_H 1
| #define SELECT_TYPE_ARG1 int
| #define SELECT_TYPE_ARG234 (fd_set *)
| #define SELECT_TYPE_ARG5 (struct timeval *)
| #define RETSIGTYPE void
| /* end confdefs.h.  */
| #include <stdio.h>
| #ifdef HAVE_SYS_TYPES_H
| # include <sys/types.h>
| #endif
| #ifdef HAVE_SYS_STAT_H
| # include <sys/stat.h>
| #endif
| #ifdef STDC_HEADERS
| # include <stdlib.h>
| # include <stddef.h>
| #else
| # ifdef HAVE_STDLIB_H
| #  include <stdlib.h>
| # endif
| #endif
| #ifdef HAVE_STRING_H
| # if !defined STDC_HEADERS && defined HAVE_MEMORY_H
| #  include <memory.h>
| # endif
| # include <string.h>
| #endif
| #ifdef HAVE_STRINGS_H
| # include <strings.h>
| #endif
| #ifdef HAVE_INTTYPES_H
| # include <inttypes.h>
| #endif
| #ifdef HAVE_STDINT_H
| # include <stdint.h>
| #endif
| #ifdef HAVE_UNISTD_H
| # include <unistd.h>
| #endif
| int
| main ()
| {
| struct stat sbuf;
|      /* Linux will dereference the symlink and fail, as required by POSIX.
| 	That is better in the sense that it means we will not
| 	have to compile and use the lstat wrapper.  */
|      return lstat ("conftest.sym/", &sbuf) == 0;
|   ;
|   return 0;
| }
configure:17452: result: no
configure:17471: checking whether stat accepts an empty string
configure:17491: clang++ -o conftest -O2 -DNDEBUG -stdlib=libc++ -std=gnu++11  -I/opt/X11/include/ -I/opt/local/include -L/opt/X11/lib -L/opt/local/lib conftest.cpp  >&5
ld: warning: directory not found for option '-L/opt/local/lib'
configure:17491: $? = 0
configure:17491: ./conftest
configure:17491: $? = 0
configure:17501: result: no
configure:17520: checking for floor
configure:17520: clang++ -o conftest -O2 -DNDEBUG -stdlib=libc++ -std=gnu++11  -I/opt/X11/include/ -I/opt/local/include -L/opt/X11/lib -L/opt/local/lib conftest.cpp  >&5
ld: warning: directory not found for option '-L/opt/local/lib'
configure:17520: $? = 0
configure:17520: result: yes
configure:17520: checking for getcwd
configure:17520: clang++ -o conftest -O2 -DNDEBUG -stdlib=libc++ -std=gnu++11  -I/opt/X11/include/ -I/opt/local/include -L/opt/X11/lib -L/opt/local/lib conftest.cpp  >&5
ld: warning: directory not found for option '-L/opt/local/lib'
configure:17520: $? = 0
configure:17520: result: yes
configure:17520: checking for gettimeofday
configure:17520: clang++ -o conftest -O2 -DNDEBUG -stdlib=libc++ -std=gnu++11  -I/opt/X11/include/ -I/opt/local/include -L/opt/X11/lib -L/opt/local/lib conftest.cpp  >&5
ld: warning: directory not found for option '-L/opt/local/lib'
configure:17520: $? = 0
configure:17520: result: yes
configure:17520: checking for memset
configure:17520: clang++ -o conftest -O2 -DNDEBUG -stdlib=libc++ -std=gnu++11  -I/opt/X11/include/ -I/opt/local/include -L/opt/X11/lib -L/opt/local/lib conftest.cpp  >&5
ld: warning: directory not found for option '-L/opt/local/lib'
configure:17520: $? = 0
configure:17520: result: yes
configure:17520: checking for pow
configure:17520: clang++ -o conftest -O2 -DNDEBUG -stdlib=libc++ -std=gnu++11  -I/opt/X11/include/ -I/opt/local/include -L/opt/X11/lib -L/opt/local/lib conftest.cpp  >&5
ld: warning: directory not found for option '-L/opt/local/lib'
configure:17520: $? = 0
configure:17520: result: yes
configure:17520: checking for select
configure:17520: clang++ -o conftest -O2 -DNDEBUG -stdlib=libc++ -std=gnu++11  -I/opt/X11/include/ -I/opt/local/include -L/opt/X11/lib -L/opt/local/lib conftest.cpp  >&5
ld: warning: directory not found for option '-L/opt/local/lib'
configure:17520: $? = 0
configure:17520: result: yes
configure:17520: checking for socket
configure:17520: clang++ -o conftest -O2 -DNDEBUG -stdlib=libc++ -std=gnu++11  -I/opt/X11/include/ -I/opt/local/include -L/opt/X11/lib -L/opt/local/lib conftest.cpp  >&5
ld: warning: directory not found for option '-L/opt/local/lib'
configure:17520: $? = 0
configure:17520: result: yes
configure:17520: checking for sqrt
configure:17520: clang++ -o conftest -O2 -DNDEBUG -stdlib=libc++ -std=gnu++11  -I/opt/X11/include/ -I/opt/local/include -L/opt/X11/lib -L/opt/local/lib conftest.cpp  >&5
ld: warning: directory not found for option '-L/opt/local/lib'
configure:17520: $? = 0
configure:17520: result: yes
configure:17642: checking that generated files are newer than configure
configure:17648: result: done
configure:17691: creating ./config.status

## ---------------------- ##
## Running config.status. ##
## ---------------------- ##

This file was extended by sumo config.status 0.30.0, which was
generated by GNU Autoconf 2.69.  Invocation command line was

  CONFIG_FILES    = 
  CONFIG_HEADERS  = 
  CONFIG_LINKS    = 
  CONFIG_COMMANDS = 
  $ ./config.status 

on InokinoMacBook-Pro.local

config.status:1289: creating src/Makefile
config.status:1289: creating src/activitygen/Makefile
config.status:1289: creating src/activitygen/activities/Makefile
config.status:1289: creating src/activitygen/city/Makefile
config.status:1289: creating src/foreign/Makefile
config.status:1289: creating src/foreign/eulerspiral/Makefile
config.status:1289: creating src/foreign/gl2ps/Makefile
config.status:1289: creating src/foreign/mersenne/Makefile
config.status:1289: creating src/foreign/PHEMlight/Makefile
config.status:1289: creating src/foreign/PHEMlight/cpp/Makefile
config.status:1289: creating src/foreign/polyfonts/Makefile
config.status:1289: creating src/foreign/rtree/Makefile
config.status:1289: creating src/foreign/tcpip/Makefile
config.status:1289: creating src/gui/Makefile
config.status:1289: creating src/gui/dialogs/Makefile
config.status:1289: creating src/guinetload/Makefile
config.status:1289: creating src/guisim/Makefile
config.status:1289: creating src/microsim/Makefile
config.status:1289: creating src/microsim/actions/Makefile
config.status:1289: creating src/microsim/cfmodels/Makefile
config.status:1289: creating src/microsim/devices/Makefile
config.status:1289: creating src/microsim/lcmodels/Makefile
config.status:1289: creating src/microsim/logging/Makefile
config.status:1289: creating src/microsim/output/Makefile
config.status:1289: creating src/microsim/pedestrians/Makefile
config.status:1289: creating src/microsim/traffic_lights/Makefile
config.status:1289: creating src/microsim/trigger/Makefile
config.status:1289: creating src/marouter/Makefile
config.status:1289: creating src/netbuild/Makefile
config.status:1289: creating src/netedit/Makefile
config.status:1289: creating src/mesogui/Makefile
config.status:1289: creating src/mesosim/Makefile
config.status:1289: creating src/osgview/Makefile
config.status:1289: creating src/netgen/Makefile
config.status:1289: creating src/netimport/Makefile
config.status:1289: creating src/netimport/vissim/Makefile
config.status:1289: creating src/netimport/vissim/tempstructs/Makefile
config.status:1289: creating src/netimport/vissim/typeloader/Makefile
config.status:1289: creating src/netload/Makefile
config.status:1289: creating src/netwrite/Makefile
config.status:1289: creating src/od/Makefile
config.status:1289: creating src/polyconvert/Makefile
config.status:1289: creating src/router/Makefile
config.status:1289: creating src/dfrouter/Makefile
config.status:1289: creating src/duarouter/Makefile
config.status:1289: creating src/jtrrouter/Makefile
config.status:1289: creating src/tools/Makefile
config.status:1289: creating src/traci_testclient/Makefile
config.status:1289: creating src/traci-server/Makefile
config.status:1289: creating src/traci-server/lib/Makefile
config.status:1289: creating src/utils/Makefile
config.status:1289: creating src/utils/common/Makefile
config.status:1289: creating src/utils/distribution/Makefile
config.status:1289: creating src/utils/emissions/Makefile
config.status:1289: creating src/utils/foxtools/Makefile
config.status:1289: creating src/utils/geom/Makefile
config.status:1289: creating src/utils/gui/Makefile
config.status:1289: creating src/utils/gui/div/Makefile
config.status:1289: creating src/utils/gui/events/Makefile
config.status:1289: creating src/utils/gui/globjects/Makefile
config.status:1289: creating src/utils/gui/images/Makefile
config.status:1289: creating src/utils/gui/settings/Makefile
config.status:1289: creating src/utils/gui/tracker/Makefile
config.status:1289: creating src/utils/gui/windows/Makefile
config.status:1289: creating src/utils/importio/Makefile
config.status:1289: creating src/utils/iodevices/Makefile
config.status:1289: creating src/utils/options/Makefile
config.status:1289: creating src/utils/shapes/Makefile
config.status:1289: creating src/utils/traci/Makefile
config.status:1289: creating src/utils/vehicle/Makefile
config.status:1289: creating src/utils/xml/Makefile
config.status:1289: creating unittest/Makefile
config.status:1289: creating unittest/src/Makefile
config.status:1289: creating unittest/src/microsim/Makefile
config.status:1289: creating unittest/src/netbuild/Makefile
config.status:1289: creating unittest/src/utils/Makefile
config.status:1289: creating unittest/src/utils/common/Makefile
config.status:1289: creating unittest/src/utils/foxtools/Makefile
config.status:1289: creating unittest/src/utils/geom/Makefile
config.status:1289: creating unittest/src/utils/iodevices/Makefile
config.status:1289: creating bin/Makefile
config.status:1289: creating Makefile
config.status:1289: creating src/config.h
config.status:1518: executing depfiles commands
config.status:1518: executing libtool commands
configure:20263: result: 
configure:20265: result: Optional features summary
configure:20267: result: -------------------------
configure:20269: result: Enabled: TRACI PROJ GDAL GUI
configure:20271: result: Disabled: Debug Profiling Coverage PIC UnitTests Python OSG ffmpeg

## ---------------- ##
## Cache variables. ##
## ---------------- ##

ac_cv_build=x86_64-apple-darwin16.6.0
ac_cv_c_compiler_gnu=yes
ac_cv_c_const=yes
ac_cv_c_inline=inline
ac_cv_c_volatile=yes
ac_cv_cxx_compiler_gnu=yes
ac_cv_env_CCC_set=
ac_cv_env_CCC_value=
ac_cv_env_CC_set=
ac_cv_env_CC_value=
ac_cv_env_CFLAGS_set=
ac_cv_env_CFLAGS_value=
ac_cv_env_CPPFLAGS_set=set
ac_cv_env_CPPFLAGS_value=' -I/opt/X11/include/'
ac_cv_env_CPP_set=
ac_cv_env_CPP_value=
ac_cv_env_CXXCPP_set=
ac_cv_env_CXXCPP_value=
ac_cv_env_CXXFLAGS_set=set
ac_cv_env_CXXFLAGS_value='-stdlib=libc++ -std=gnu++11'
ac_cv_env_CXX_set=set
ac_cv_env_CXX_value=clang++
ac_cv_env_LDFLAGS_set=set
ac_cv_env_LDFLAGS_value=-L/opt/X11/lib
ac_cv_env_LIBS_set=
ac_cv_env_LIBS_value=
ac_cv_env_PKG_CONFIG_LIBDIR_set=
ac_cv_env_PKG_CONFIG_LIBDIR_value=
ac_cv_env_PKG_CONFIG_PATH_set=
ac_cv_env_PKG_CONFIG_PATH_value=
ac_cv_env_PKG_CONFIG_set=
ac_cv_env_PKG_CONFIG_value=
ac_cv_env_XERCES_CFLAGS_set=
ac_cv_env_XERCES_CFLAGS_value=
ac_cv_env_XERCES_LIBS_set=
ac_cv_env_XERCES_LIBS_value=
ac_cv_env_build_alias_set=
ac_cv_env_build_alias_value=
ac_cv_env_host_alias_set=
ac_cv_env_host_alias_value=
ac_cv_env_target_alias_set=
ac_cv_env_target_alias_value=
ac_cv_func_alloca_works=yes
ac_cv_func_floor=yes
ac_cv_func_getcwd=yes
ac_cv_func_gettimeofday=yes
ac_cv_func_lstat_dereferences_slashed_symlink=no
ac_cv_func_memset=yes
ac_cv_func_pow=yes
ac_cv_func_select=yes
ac_cv_func_select_args='int,fd_set *,struct timeval *'
ac_cv_func_socket=yes
ac_cv_func_sqrt=yes
ac_cv_func_stat_empty_string_bug=no
ac_cv_header_dlfcn_h=yes
ac_cv_header_float_h=yes
ac_cv_header_fxver_h=yes
ac_cv_header_inttypes_h=yes
ac_cv_header_libavformat_version_h=no
ac_cv_header_limits_h=yes
ac_cv_header_malloc_h=no
ac_cv_header_math_h=yes
ac_cv_header_memory_h=yes
ac_cv_header_ogr_api_h=yes
ac_cv_header_proj_api_h=yes
ac_cv_header_stdbool_h=yes
ac_cv_header_stdc=no
ac_cv_header_stddef_h=yes
ac_cv_header_stdint_h=yes
ac_cv_header_stdlib_h=yes
ac_cv_header_string_h=yes
ac_cv_header_strings_h=yes
ac_cv_header_sys_select_h=yes
ac_cv_header_sys_socket_h=yes
ac_cv_header_sys_stat_h=yes
ac_cv_header_sys_time_h=yes
ac_cv_header_sys_types_h=yes
ac_cv_header_time=yes
ac_cv_header_unistd_h=yes
ac_cv_header_wchar_h=yes
ac_cv_header_xercesc_util_XercesVersion_hpp=yes
ac_cv_host=x86_64-apple-darwin16.6.0
ac_cv_lib_error_at_line=no
ac_cv_lib_proj_main=yes
ac_cv_lib_xerces_c___main=yes
ac_cv_objext=o
ac_cv_path_EGREP='/usr/bin/grep -E'
ac_cv_path_FGREP='/usr/bin/grep -F'
ac_cv_path_FOX_CONFIG=/usr/local/bin/fox-config
ac_cv_path_GDAL_CONFIG=/usr/local/bin/gdal-config
ac_cv_path_GREP=/usr/bin/grep
ac_cv_path_SED=/usr/bin/sed
ac_cv_path_install='/usr/bin/install -c'
ac_cv_prog_AWK=awk
ac_cv_prog_CPP='gcc -E'
ac_cv_prog_CXXCPP='clang++ -E'
ac_cv_prog_ac_ct_AR=ar
ac_cv_prog_ac_ct_CC=gcc
ac_cv_prog_ac_ct_DSYMUTIL=dsymutil
ac_cv_prog_ac_ct_LIPO=lipo
ac_cv_prog_ac_ct_NMEDIT=nmedit
ac_cv_prog_ac_ct_OBJDUMP=objdump
ac_cv_prog_ac_ct_OTOOL=otool
ac_cv_prog_ac_ct_RANLIB=ranlib
ac_cv_prog_ac_ct_STRIP=strip
ac_cv_prog_cc_c89=
ac_cv_prog_cc_g=yes
ac_cv_prog_cxx_g=yes
ac_cv_prog_make_make_set=yes
ac_cv_struct_tm=time.h
ac_cv_target=x86_64-apple-darwin16.6.0
ac_cv_type__Bool=no
ac_cv_type_signal=void
ac_cv_type_size_t=yes
ac_cv_working_alloca_h=yes
am_cv_CC_dependencies_compiler_type=gcc3
am_cv_CXX_dependencies_compiler_type=gcc3
am_cv_make_support_nested_variables=yes
am_cv_prog_tar_ustar=gnutar
lt_cv_apple_cc_single_mod=yes
lt_cv_ar_at_file=no
lt_cv_deplibs_check_method=pass_all
lt_cv_file_magic_cmd='$MAGIC_CMD'
lt_cv_file_magic_test_file=
lt_cv_ld_exported_symbols_list=yes
lt_cv_ld_force_load=yes
lt_cv_ld_reload_flag=-r
lt_cv_nm_interface='BSD nm'
lt_cv_objdir=.libs
lt_cv_path_LD=/Applications/Xcode.app/Contents/Developer/Toolchains/XcodeDefault.xctoolchain/usr/bin/ld
lt_cv_path_LDCXX=/Applications/Xcode.app/Contents/Developer/Toolchains/XcodeDefault.xctoolchain/usr/bin/ld
lt_cv_path_NM='/usr/bin/nm -B'
lt_cv_path_mainfest_tool=no
lt_cv_prog_compiler_c_o=yes
lt_cv_prog_compiler_c_o_CXX=yes
lt_cv_prog_compiler_pic='-fno-common -DPIC'
lt_cv_prog_compiler_pic_CXX='-fno-common -DPIC'
lt_cv_prog_compiler_pic_works=yes
lt_cv_prog_compiler_pic_works_CXX=yes
lt_cv_prog_compiler_rtti_exceptions=yes
lt_cv_prog_compiler_static_works=no
lt_cv_prog_compiler_static_works_CXX=no
lt_cv_prog_gnu_ld=no
lt_cv_prog_gnu_ldcxx=no
lt_cv_sharedlib_from_linklib_cmd='printf %s\n'
lt_cv_sys_global_symbol_pipe='sed -n -e '\''s/^.*[	 ]\([BCDEGRST][BCDEGRST]*\)[	 ][	 ]*_\([_A-Za-z][_A-Za-z0-9]*\)$/\1 _\2 \2/p'\'' | sed '\''/ __gnu_lto/d'\'''
lt_cv_sys_global_symbol_to_c_name_address='sed -n -e '\''s/^: \([^ ]*\)[ ]*$/  {\"\1\", (void *) 0},/p'\'' -e '\''s/^[BCDEGRST]* \([^ ]*\) \([^ ]*\)$/  {"\2", (void *) \&\2},/p'\'''
lt_cv_sys_global_symbol_to_c_name_address_lib_prefix='sed -n -e '\''s/^: \([^ ]*\)[ ]*$/  {\"\1\", (void *) 0},/p'\'' -e '\''s/^[BCDEGRST]* \([^ ]*\) \(lib[^ ]*\)$/  {"\2", (void *) \&\2},/p'\'' -e '\''s/^[BCDEGRST]* \([^ ]*\) \([^ ]*\)$/  {"lib\2", (void *) \&\2},/p'\'''
lt_cv_sys_global_symbol_to_cdecl='sed -n -e '\''s/^T .* \(.*\)$/extern int \1();/p'\'' -e '\''s/^[BCDEGRST]* .* \(.*\)$/extern char \1;/p'\'''
lt_cv_sys_max_cmd_len=196608
lt_cv_to_host_file_cmd=func_convert_file_noop
lt_cv_to_tool_file_cmd=func_convert_file_noop

## ----------------- ##
## Output variables. ##
## ----------------- ##

ACLOCAL='${SHELL} /Users/inokihiromasa/sumo/sumo-0.30.0/missing aclocal-1.13'
ALLOCA=''
AMDEPBACKSLASH='\'
AMDEP_FALSE='#'
AMDEP_TRUE=''
AMTAR='$${TAR-tar}'
AM_BACKSLASH='\'
AM_CPPFLAGS='-I/Users/inokihiromasa/sumo/sumo-0.30.0/./src -I/usr/local/Cellar/fox/1.6.54/include/fox-1.6 -I/usr/local/Cellar/gdal/1.11.5_2/include -I/usr/local/include -I/usr/local/include '
AM_CXXFLAGS=''
AM_DEFAULT_V='$(AM_DEFAULT_VERBOSITY)'
AM_DEFAULT_VERBOSITY='1'
AM_V='$(V)'
AR='ar'
AUTOCONF='${SHELL} /Users/inokihiromasa/sumo/sumo-0.30.0/missing autoconf'
AUTOHEADER='${SHELL} /Users/inokihiromasa/sumo/sumo-0.30.0/missing autoheader'
AUTOMAKE='${SHELL} /Users/inokihiromasa/sumo/sumo-0.30.0/missing automake-1.13'
AWK='awk'
CC='gcc'
CCDEPMODE='depmode=gcc3'
CFLAGS='-g -O2'
CPP='gcc -E'
CPPFLAGS=' -I/opt/X11/include/ -I/opt/local/include'
CXX='clang++'
CXXCPP='clang++ -E'
CXXDEPMODE='depmode=gcc3'
CXXFLAGS='-O2 -DNDEBUG -stdlib=libc++ -std=gnu++11'
CYGPATH_W='echo'
DEFS='-DHAVE_CONFIG_H'
DEPDIR='.deps'
DLLTOOL='false'
DSYMUTIL='dsymutil'
DUMPBIN=''
ECHO_C='\c'
ECHO_N=''
ECHO_T=''
EGREP='/usr/bin/grep -E'
EXEEXT=''
FFMPEG_LIBS=''
FGREP='/usr/bin/grep -F'
FOX_CONFIG='/usr/local/bin/fox-config'
FOX_LDFLAGS='-L/usr/local/Cellar/fox/1.6.54/lib -lFOX-1.6 -lX11 -lXext -lfreetype -lfontconfig -lXft -lXcursor -lXrender -lXrandr -lXfixes -lXi -lGL -lGLU -ldl -lpthread -ljpeg -lpng -ltiff -lz -lbz2 -lGLU -lGL'
GDAL_CONFIG='/usr/local/bin/gdal-config'
GDAL_LDFLAGS='-L/usr/local/Cellar/gdal/1.11.5_2/lib -lgdal'
GREP='/usr/bin/grep'
GTEST_CONFIG=''
GTEST_LDFLAGS=''
INSTALL_DATA='${INSTALL} -m 644'
INSTALL_PROGRAM='${INSTALL}'
INSTALL_SCRIPT='${INSTALL}'
INSTALL_STRIP_PROGRAM='$(install_sh) -c -s'
LD='/Applications/Xcode.app/Contents/Developer/Toolchains/XcodeDefault.xctoolchain/usr/bin/ld'
LDFLAGS='-L/opt/X11/lib -L/opt/local/lib'
LIBOBJS=' ${LIBOBJDIR}error$U.o ${LIBOBJDIR}lstat$U.o'
LIBS=''
LIBTOOL='$(SHELL) $(top_builddir)/libtool'
LIB_XERCES='xerces-c'
LIPO='lipo'
LN_S='ln -s'
LTLIBOBJS=' ${LIBOBJDIR}error$U.lo ${LIBOBJDIR}lstat$U.lo'
MAKEINFO='${SHELL} /Users/inokihiromasa/sumo/sumo-0.30.0/missing makeinfo'
MANIFEST_TOOL=':'
MKDIR_P='./install-sh -c -d'
NM='/usr/bin/nm -B'
NMEDIT='nmedit'
OBJDUMP='objdump'
OBJEXT='o'
OSG_LIBS=''
OTOOL64=':'
OTOOL='otool'
PACKAGE='sumo'
PACKAGE_BUGREPORT=''
PACKAGE_NAME='sumo'
PACKAGE_STRING='sumo 0.30.0'
PACKAGE_TARNAME='sumo'
PACKAGE_URL=''
PACKAGE_VERSION='0.30.0'
PATH_SEPARATOR=':'
PKG_CONFIG=''
PKG_CONFIG_LIBDIR=''
PKG_CONFIG_PATH=''
PROJ_LDFLAGS='-L/usr/local/lib -lproj'
PYTHON_LIBS=''
RANLIB='ranlib'
SED='/usr/bin/sed'
SET_MAKE=''
SHELL='/bin/sh'
STRIP='strip'
TRACI_FALSE='#'
TRACI_TRUE=''
VERSION='0.30.0'
WITH_GTEST_FALSE=''
WITH_GTEST_TRUE='#'
WITH_GUI_FALSE='#'
WITH_GUI_TRUE=''
WITH_VERSION_H_FALSE=''
WITH_VERSION_H_TRUE='#'
XERCES_CFLAGS=''
XERCES_LDFLAGS='-L/usr/local/lib'
XERCES_LIBS=''
ac_ct_AR='ar'
ac_ct_CC='gcc'
ac_ct_CXX=''
ac_ct_DUMPBIN=''
am__EXEEXT_FALSE=''
am__EXEEXT_TRUE='#'
am__fastdepCC_FALSE='#'
am__fastdepCC_TRUE=''
am__fastdepCXX_FALSE='#'
am__fastdepCXX_TRUE=''
am__include='include'
am__isrc=''
am__leading_dot='.'
am__nodep='_no'
am__quote=''
am__tar='tar --format=ustar -chf - "$$tardir"'
am__untar='tar -xf -'
bindir='${exec_prefix}/bin'
build='x86_64-apple-darwin16.6.0'
build_alias=''
build_cpu='x86_64'
build_os='darwin16.6.0'
build_vendor='apple'
datadir='${datarootdir}'
datarootdir='${prefix}/share'
docdir='${datarootdir}/doc/${PACKAGE_TARNAME}'
dvidir='${docdir}'
exec_prefix='${prefix}'
host='x86_64-apple-darwin16.6.0'
host_alias=''
host_cpu='x86_64'
host_os='darwin16.6.0'
host_vendor='apple'
htmldir='${docdir}'
includedir='${prefix}/include'
infodir='${datarootdir}/info'
install_sh='${SHELL} /Users/inokihiromasa/sumo/sumo-0.30.0/install-sh'
libdir='${exec_prefix}/lib'
libexecdir='${exec_prefix}/libexec'
localedir='${datarootdir}/locale'
localstatedir='${prefix}/var'
mandir='${datarootdir}/man'
mkdir_p='$(MKDIR_P)'
oldincludedir='/usr/include'
pdfdir='${docdir}'
prefix='/usr/local'
program_transform_name='s,x,x,'
psdir='${docdir}'
sbindir='${exec_prefix}/sbin'
sharedstatedir='${prefix}/com'
sysconfdir='${prefix}/etc'
target='x86_64-apple-darwin16.6.0'
target_alias=''
target_cpu='x86_64'
target_os='darwin16.6.0'
target_vendor='apple'

## ----------- ##
## confdefs.h. ##
## ----------- ##

/* confdefs.h */
#define PACKAGE_NAME "sumo"
#define PACKAGE_TARNAME "sumo"
#define PACKAGE_VERSION "0.30.0"
#define PACKAGE_STRING "sumo 0.30.0"
#define PACKAGE_BUGREPORT ""
#define PACKAGE_URL ""
#define PACKAGE "sumo"
#define VERSION "0.30.0"
#define HAVE_SYS_TYPES_H 1
#define HAVE_SYS_STAT_H 1
#define HAVE_STDLIB_H 1
#define HAVE_STRING_H 1
#define HAVE_MEMORY_H 1
#define HAVE_STRINGS_H 1
#define HAVE_INTTYPES_H 1
#define HAVE_STDINT_H 1
#define HAVE_UNISTD_H 1
#define HAVE_DLFCN_H 1
#define LT_OBJDIR ".libs/"
#define POSITION_EPS 0.1
#define NUMERICAL_EPS 0.001
#define VERSION_STRING "0.30.0"
#define XERCES3_SIZE_t unsigned int
#define HAVE_PROJ 1
#define HAVE_GDAL 1
#define HAVE_FOX 1
#define HAVE_ENABLED "x86_64-apple-darwin16.6.0 TRACI PROJ GDAL GUI"
#define HAVE_ALLOCA_H 1
#define HAVE_ALLOCA 1
#define HAVE_FLOAT_H 1
#define HAVE_LIMITS_H 1
#define HAVE_MATH_H 1
#define HAVE_STDDEF_H 1
#define HAVE_STDLIB_H 1
#define HAVE_STRING_H 1
#define HAVE_SYS_TIME_H 1
#define HAVE_UNISTD_H 1
#define HAVE_WCHAR_H 1
#define HAVE_STDBOOL_H 1
#define TIME_WITH_SYS_TIME 1
#define HAVE_SYS_SELECT_H 1
#define HAVE_SYS_SOCKET_H 1
#define SELECT_TYPE_ARG1 int
#define SELECT_TYPE_ARG234 (fd_set *)
#define SELECT_TYPE_ARG5 (struct timeval *)
#define RETSIGTYPE void
#define HAVE_FLOOR 1
#define HAVE_GETCWD 1
#define HAVE_GETTIMEOFDAY 1
#define HAVE_MEMSET 1
#define HAVE_POW 1
#define HAVE_SELECT 1
#define HAVE_SOCKET 1
#define HAVE_SQRT 1

configure: exit 0
